SF:lib\modules\home\domain\entities\currency_entity.dart
DA:6,4
LF:1
LH:1
end_of_record
SF:lib\modules\home\domain\entities\currency_info_entity.dart
DA:5,2
LF:1
LH:1
end_of_record
SF:lib\modules\home\domain\enums\currency_type_enum.dart
DA:1,2
LF:1
LH:1
end_of_record
SF:lib\modules\home\domain\errors\errors.dart
DA:7,1
DA:16,1
DA:25,1
LF:3
LH:3
end_of_record
SF:lib\modules\home\domain\usecases\convert_currency.dart
DA:10,2
DA:15,2
DA:16,2
DA:17,1
DA:18,2
DA:19,1
DA:20,4
DA:21,1
DA:24,2
DA:25,6
DA:28,2
DA:29,2
DA:30,4
DA:31,4
DA:34,1
DA:35,2
DA:36,1
DA:38,2
DA:41,1
DA:42,2
DA:43,1
DA:44,2
LF:22
LH:22
end_of_record
SF:lib\commons\erros.dart
DA:11,0
DA:19,0
DA:28,0
DA:39,0
LF:4
LH:0
end_of_record
SF:lib\app_module.dart
DA:14,0
DA:15,0
DA:16,0
DA:17,0
DA:20,0
DA:21,0
DA:22,0
DA:24,0
LF:8
LH:0
end_of_record
SF:lib\commons\adapters\http_client\http_response.dart
DA:6,1
LF:1
LH:1
end_of_record
SF:lib\modules\home\home_module.dart
DA:18,2
DA:19,2
DA:20,1
DA:21,1
DA:23,2
DA:24,1
DA:27,3
DA:29,3
DA:36,0
DA:40,0
LF:10
LH:8
end_of_record
SF:lib\modules\home\presentation\pages\home\home_page.dart
DA:11,2
DA:13,1
DA:14,1
DA:18,1
DA:20,1
DA:21,1
DA:22,1
DA:24,1
DA:25,3
DA:28,2
DA:31,1
DA:33,1
DA:34,1
DA:39,1
DA:41,1
DA:42,1
DA:43,2
DA:44,2
DA:46,1
DA:48,1
DA:49,1
DA:50,2
DA:51,2
DA:53,1
DA:55,1
DA:56,1
DA:57,2
DA:58,2
DA:60,1
DA:61,1
DA:62,1
DA:63,3
LF:32
LH:32
end_of_record
SF:lib\commons\adapters\http_client\dio_adapter.dart
DA:11,0
DA:15,0
DA:19,0
DA:25,0
DA:28,0
DA:30,0
DA:31,0
DA:32,0
DA:35,0
DA:36,0
DA:37,0
DA:38,0
DA:39,0
DA:41,0
DA:42,0
DA:50,0
DA:57,0
DA:61,0
DA:63,0
DA:64,0
DA:65,0
DA:68,0
DA:69,0
DA:70,0
DA:71,0
DA:72,0
DA:74,0
DA:75,0
DA:83,0
DA:90,0
DA:94,0
DA:96,0
DA:97,0
DA:98,0
DA:101,0
DA:102,0
DA:103,0
DA:104,0
DA:105,0
DA:107,0
DA:108,0
DA:116,0
DA:123,0
DA:127,0
DA:129,0
DA:130,0
DA:131,0
DA:134,0
DA:135,0
DA:136,0
DA:137,0
DA:138,0
DA:140,0
DA:141,0
LF:54
LH:0
end_of_record
SF:lib\commons\adapters\http_client\interceptors\dio_interceptor.dart
DA:10,0
DA:12,0
DA:19,0
DA:20,0
DA:21,0
DA:22,0
DA:24,0
DA:25,0
DA:28,0
DA:31,0
DA:36,0
DA:37,0
DA:40,0
DA:46,0
DA:47,0
DA:49,0
DA:50,0
DA:51,0
DA:52,0
DA:53,0
DA:55,0
DA:57,0
DA:58,0
DA:59,0
DA:60,0
DA:61,0
DA:62,0
DA:64,0
DA:68,0
LF:29
LH:0
end_of_record
SF:lib\commons\adapters\localization\localization_helper.dart
DA:7,0
DA:8,0
DA:10,0
DA:11,0
DA:13,0
LF:5
LH:0
end_of_record
SF:lib\modules\splash\splash_module.dart
DA:9,0
DA:10,0
DA:18,0
LF:3
LH:0
end_of_record
SF:lib\modules\home\infra\datasources\currency_datasource.dart
DA:9,1
DA:14,1
DA:16,2
DA:17,2
DA:19,2
DA:22,0
LF:6
LH:5
end_of_record
SF:lib\modules\home\infra\repositories\currency_repository.dart
DA:8,1
DA:12,1
DA:13,3
LF:3
LH:3
end_of_record
SF:lib\modules\home\presentation\pages\about\about_page.dart
DA:5,1
DA:7,0
DA:8,0
DA:12,0
DA:14,0
DA:15,0
DA:16,0
DA:18,0
DA:19,0
DA:22,0
DA:23,0
LF:11
LH:1
end_of_record
SF:lib\modules\home\presentation\pages\home\home_controller.dart
DA:20,1
DA:25,1
DA:26,2
DA:27,1
DA:28,3
DA:30,1
DA:31,3
DA:33,1
DA:34,5
DA:36,1
DA:37,0
DA:39,1
DA:40,5
DA:43,0
DA:44,0
DA:45,0
DA:48,0
DA:50,2
DA:55,1
DA:56,1
DA:59,0
DA:60,0
DA:63,0
DA:64,0
LF:24
LH:15
end_of_record
SF:lib\modules\home\presentation\pages\home\home_store.dart
DA:10,1
DA:11,1
LF:2
LH:2
end_of_record
SF:lib\modules\home\presentation\pages\home\home_store.g.dart
DA:14,1
DA:16,2
DA:17,1
DA:20,1
DA:22,4
DA:23,1
DA:30,1
DA:32,2
DA:35,1
DA:37,2
DA:41,0
DA:44,0
DA:45,0
LF:13
LH:10
end_of_record
SF:lib\modules\home\infra\datasources\models\currency_info_models.dart
DA:4,1
DA:7,1
DA:12,1
DA:13,2
DA:14,1
DA:15,2
DA:16,2
LF:7
LH:7
end_of_record
SF:lib\modules\home\presentation\widgets\logo_widget.dart
DA:4,1
DA:6,1
LF:2
LH:2
end_of_record
SF:lib\modules\home\presentation\widgets\custom_text_field_widget.dart
DA:10,1
DA:16,1
DA:18,1
DA:20,1
DA:22,1
DA:23,1
DA:24,1
DA:26,1
DA:27,1
DA:29,1
DA:30,1
DA:31,2
LF:12
LH:12
end_of_record
SF:lib\modules\splash\presentation\pages\splash_controller.dart
DA:8,0
DA:12,0
DA:13,0
DA:17,0
DA:18,0
LF:5
LH:0
end_of_record
SF:lib\modules\splash\presentation\pages\splash_page.dart
DA:7,1
DA:9,0
DA:10,0
DA:14,0
DA:16,0
DA:17,0
DA:20,0
DA:22,0
DA:23,0
DA:24,0
DA:27,0
DA:28,0
LF:12
LH:1
end_of_record
